Using pre-set license
Built from '2022.3/staging' branch; Version is '2022.3.7f1 (b16b3b16c7a0) revision 11627323'; Using compiler version '192829333'; Build Type 'Release'
OS: 'Windows 10  (10.0.19045) 64bit Education' Language: 'en' Physical Memory: 32601 MB
BatchMode: 1, IsHumanControllingUs: 0, StartBugReporterOnCrash: 0, Is64bit: 1, IsPro: 1

COMMAND LINE ARGUMENTS:
C:\Apps\Unity\Hub\Editor\2022.3.7f1\Editor\Unity.exe
-adb2
-batchMode
-noUpm
-name
AssetImportWorker4
-projectPath
C:/Users/u1473700/Documents/GitHub/RapidPrototype1/MergedPoject/My project
-logFile
Logs/AssetImportWorker4.log
-srvPort
52596
Successfully changed project path to: C:/Users/u1473700/Documents/GitHub/RapidPrototype1/MergedPoject/My project
C:/Users/u1473700/Documents/GitHub/RapidPrototype1/MergedPoject/My project
[UnityMemory] Configuration Parameters - Can be set up in boot.config
    "memorysetup-bucket-allocator-granularity=16"
    "memorysetup-bucket-allocator-bucket-count=8"
    "memorysetup-bucket-allocator-block-size=33554432"
    "memorysetup-bucket-allocator-block-count=8"
    "memorysetup-main-allocator-block-size=16777216"
    "memorysetup-thread-allocator-block-size=16777216"
    "memorysetup-gfx-main-allocator-block-size=16777216"
    "memorysetup-gfx-thread-allocator-block-size=16777216"
    "memorysetup-cache-allocator-block-size=4194304"
    "memorysetup-typetree-allocator-block-size=2097152"
    "memorysetup-profiler-bucket-allocator-granularity=16"
    "memorysetup-profiler-bucket-allocator-bucket-count=8"
    "memorysetup-profiler-bucket-allocator-block-size=33554432"
    "memorysetup-profiler-bucket-allocator-block-count=8"
    "memorysetup-profiler-allocator-block-size=16777216"
    "memorysetup-profiler-editor-allocator-block-size=1048576"
    "memorysetup-temp-allocator-size-main=16777216"
    "memorysetup-job-temp-allocator-block-size=2097152"
    "memorysetup-job-temp-allocator-block-size-background=1048576"
    "memorysetup-job-temp-allocator-reduction-small-platforms=262144"
    "memorysetup-allocator-temp-initial-block-size-main=262144"
    "memorysetup-allocator-temp-initial-block-size-worker=262144"
    "memorysetup-temp-allocator-size-background-worker=32768"
    "memorysetup-temp-allocator-size-job-worker=262144"
    "memorysetup-temp-allocator-size-preload-manager=33554432"
    "memorysetup-temp-allocator-size-nav-mesh-worker=65536"
    "memorysetup-temp-allocator-size-audio-worker=65536"
    "memorysetup-temp-allocator-size-cloud-worker=32768"
    "memorysetup-temp-allocator-size-gi-baking-worker=262144"
    "memorysetup-temp-allocator-size-gfx=262144"
Player connection [19680] Host "[IP] 155.98.167.137 [Port] 0 [Flags] 2 [Guid] 2161410448 [EditorId] 2161410448 [Version] 1048832 [Id] WindowsEditor(7,eae-z490-037) [Debug] 1 [PackageName] WindowsEditor [ProjectName] Editor" joined multi-casting on [225.0.0.222:54997]...

Player connection [19680] Host "[IP] 155.98.167.137 [Port] 0 [Flags] 2 [Guid] 2161410448 [EditorId] 2161410448 [Version] 1048832 [Id] WindowsEditor(7,eae-z490-037) [Debug] 1 [PackageName] WindowsEditor [ProjectName] Editor" joined alternative multi-casting on [225.0.0.222:34997]...

Refreshing native plugins compatible for Editor in 8.41 ms, found 4 plugins.
Preloading 0 native plugins for Editor in 0.00 ms.
Initialize engine version: 2022.3.7f1 (b16b3b16c7a0)
[Subsystems] Discovering subsystems at path C:/Apps/Unity/Hub/Editor/2022.3.7f1/Editor/Data/Resources/UnitySubsystems
[Subsystems] Discovering subsystems at path C:/Users/u1473700/Documents/GitHub/RapidPrototype1/MergedPoject/My project/Assets
GfxDevice: creating device client; threaded=0; jobified=0
Direct3D:
    Version:  Direct3D 11.0 [level 11.1]
    Renderer: NVIDIA GeForce RTX 3070 (ID=0x2484)
    Vendor:   NVIDIA
    VRAM:     8031 MB
    Driver:   31.0.15.3667
Initialize mono
Mono path[0] = 'C:/Apps/Unity/Hub/Editor/2022.3.7f1/Editor/Data/Managed'
Mono path[1] = 'C:/Apps/Unity/Hub/Editor/2022.3.7f1/Editor/Data/MonoBleedingEdge/lib/mono/unityjit-win32'
Mono config path = 'C:/Apps/Unity/Hub/Editor/2022.3.7f1/Editor/Data/MonoBleedingEdge/etc'
Using monoOptions --debugger-agent=transport=dt_socket,embedding=1,server=y,suspend=n,address=127.0.0.1:56616
Begin MonoManager ReloadAssembly
Registering precompiled unity dll's ...
Register platform support module: C:/Apps/Unity/Hub/Editor/2022.3.7f1/Editor/Data/PlaybackEngines/WebGLSupport/UnityEditor.WebGL.Extensions.dll
Register platform support module: C:/Apps/Unity/Hub/Editor/2022.3.7f1/Editor/Data/PlaybackEngines/WindowsStandaloneSupport/UnityEditor.WindowsStandalone.Extensions.dll
Registered in 0.006380 seconds.
- Loaded All Assemblies, in  0.292 seconds
Native extension for WindowsStandalone target not found
Native extension for WebGL target not found
Mono: successfully reloaded assembly
- Finished resetting the current domain, in  0.209 seconds
Domain Reload Profiling: 500ms
	BeginReloadAssembly (89ms)
		ExecutionOrderSort (0ms)
		DisableScriptedObjects (0ms)
		BackupInstance (0ms)
		ReleaseScriptingObjects (0ms)
		CreateAndSetChildDomain (1ms)
	RebuildCommonClasses (30ms)
	RebuildNativeTypeToScriptingClass (10ms)
	initialDomainReloadingComplete (49ms)
	LoadAllAssembliesAndSetupDomain (113ms)
		LoadAssemblies (87ms)
		RebuildTransferFunctionScriptingTraits (0ms)
		AnalyzeDomain (112ms)
			TypeCache.Refresh (111ms)
				TypeCache.ScanAssembly (100ms)
			ScanForSourceGeneratedMonoScriptInfo (0ms)
			ResolveRequiredComponents (0ms)
	FinalizeReload (209ms)
		ReleaseScriptCaches (0ms)
		RebuildScriptCaches (0ms)
		SetupLoadedEditorAssemblies (159ms)
			LogAssemblyErrors (0ms)
			InitializePlatformSupportModulesInManaged (8ms)
			SetLoadedEditorAssemblies (4ms)
			RefreshPlugins (0ms)
			BeforeProcessingInitializeOnLoad (2ms)
			ProcessInitializeOnLoadAttributes (105ms)
			ProcessInitializeOnLoadMethodAttributes (40ms)
			AfterProcessingInitializeOnLoad (0ms)
			EditorAssembliesLoaded (0ms)
		ExecutionOrderSort2 (0ms)
		AwakeInstancesAfterBackupRestoration (0ms)
========================================================================
Worker process is ready to serve import requests
Begin MonoManager ReloadAssembly
Symbol file LoadedFromMemory doesn't match image C:\Users\u1473700\Documents\GitHub\RapidPrototype1\MergedPoject\My project\Library\PackageCache\com.unity.visualscripting@1.8.0\Editor\VisualScripting.Core\Dependencies\YamlDotNet\Unity.VisualScripting.YamlDotNet.dll
Symbol file LoadedFromMemory doesn't match image C:\Users\u1473700\Documents\GitHub\RapidPrototype1\MergedPoject\My project\Library\PackageCache\com.unity.visualscripting@1.8.0\Editor\VisualScripting.Core\Dependencies\DotNetZip\Unity.VisualScripting.IonicZip.dll
- Loaded All Assemblies, in  0.577 seconds
Refreshing native plugins compatible for Editor in 3.48 ms, found 4 plugins.
Native extension for WindowsStandalone target not found
Native extension for WebGL target not found
Mono: successfully reloaded assembly
- Finished resetting the current domain, in  0.570 seconds
Domain Reload Profiling: 1145ms
	BeginReloadAssembly (121ms)
		ExecutionOrderSort (0ms)
		DisableScriptedObjects (5ms)
		BackupInstance (0ms)
		ReleaseScriptingObjects (0ms)
		CreateAndSetChildDomain (17ms)
	RebuildCommonClasses (32ms)
	RebuildNativeTypeToScriptingClass (9ms)
	initialDomainReloadingComplete (35ms)
	LoadAllAssembliesAndSetupDomain (378ms)
		LoadAssemblies (248ms)
		RebuildTransferFunctionScriptingTraits (0ms)
		AnalyzeDomain (196ms)
			TypeCache.Refresh (163ms)
				TypeCache.ScanAssembly (149ms)
			ScanForSourceGeneratedMonoScriptInfo (23ms)
			ResolveRequiredComponents (9ms)
	FinalizeReload (570ms)
		ReleaseScriptCaches (0ms)
		RebuildScriptCaches (0ms)
		SetupLoadedEditorAssemblies (431ms)
			LogAssemblyErrors (0ms)
			InitializePlatformSupportModulesInManaged (5ms)
			SetLoadedEditorAssemblies (5ms)
			RefreshPlugins (0ms)
			BeforeProcessingInitializeOnLoad (74ms)
			ProcessInitializeOnLoadAttributes (277ms)
			ProcessInitializeOnLoadMethodAttributes (65ms)
			AfterProcessingInitializeOnLoad (5ms)
			EditorAssembliesLoaded (0ms)
		ExecutionOrderSort2 (0ms)
		AwakeInstancesAfterBackupRestoration (4ms)
Launched and connected shader compiler UnityShaderCompiler.exe after 0.03 seconds
Refreshing native plugins compatible for Editor in 3.48 ms, found 4 plugins.
Preloading 0 native plugins for Editor in 0.00 ms.
Unloading 6057 Unused Serialized files (Serialized files now loaded: 0)
Unloading 91 unused Assets / (351.1 KB). Loaded Objects now: 6521.
Memory consumption went from 225.3 MB to 224.9 MB.
Total: 3.362400 ms (FindLiveObjects: 0.406100 ms CreateObjectMapping: 0.447600 ms MarkObjects: 2.351600 ms  DeleteObjects: 0.156200 ms)

AssetImportParameters requested are different than current active one (requested -> active):
  custom:container-demuxer-ogg: 62fdf1f143b41e24485cea50d1cbac27 -> 
  custom:video-decoder-ogg-theora: a1e56fd34408186e4bbccfd4996cb3dc -> 
  custom:framework-win-MediaFoundation: 216162199b28c13a410421893ffa2e32 -> 
  custom:CustomObjectIndexerAttribute: a3ef5dd2817f97addfee359851a9dba5 -> 
  custom:container-demuxer-webm: 4f35f7cbe854078d1ac9338744f61a02 -> 
  custom:container-muxer-webm: aa71ff27fc2769a1b78a27578f13a17b -> 
  custom:video-decoder-webm-vp8: 9c59270c3fd7afecdb556c50c9e8de78 -> 
  custom:SearchIndexIgnoredProperties: e643bd26f0fe6173181afceb89e7c659 -> 
  custom:AudioImporter_EditorPlatform: d09bf68614088b80899f8185d706f6e7 -> 
  custom:video-encoder-webm-vp8: eb34c28f22e8b96e1ab97ce403110664 -> 
  custom:audio-decoder-ogg-vorbis: bf7c407c2cedff20999df2af8eb42d56 -> 
  custom:audio-encoder-webm-vorbis: bf7c407c2cedff20999df2af8eb42d56 -> 
========================================================================
Received Import Request.
  Time since last request: 1179.121792 seconds.
  path: Assets/prefabs/Enemies/Enemy1
  artifactKey: Guid(322bd7c49708b5c4bb351c67bbd1fb28) Importer(815301076,1909f56bfc062723c751e8b465ee728b)
Start importing Assets/prefabs/Enemies/Enemy1 using Guid(322bd7c49708b5c4bb351c67bbd1fb28) Importer(815301076,1909f56bfc062723c751e8b465ee728b)  -> (artifact id: 'b022ea5333c4b9a812845bb5cd187119') in 0.001624 seconds
Number of updated asset objects reloaded before import = 0
Number of asset objects unloaded after import = 0
========================================================================
Received Prepare
Begin MonoManager ReloadAssembly
Symbol file LoadedFromMemory doesn't match image C:\Users\u1473700\Documents\GitHub\RapidPrototype1\MergedPoject\My project\Library\PackageCache\com.unity.visualscripting@1.8.0\Editor\VisualScripting.Core\Dependencies\YamlDotNet\Unity.VisualScripting.YamlDotNet.dll
Symbol file LoadedFromMemory doesn't match image C:\Users\u1473700\Documents\GitHub\RapidPrototype1\MergedPoject\My project\Library\PackageCache\com.unity.visualscripting@1.8.0\Editor\VisualScripting.Core\Dependencies\DotNetZip\Unity.VisualScripting.IonicZip.dll
- Loaded All Assemblies, in  0.391 seconds
Refreshing native plugins compatible for Editor in 3.45 ms, found 4 plugins.
Native extension for WindowsStandalone target not found
Native extension for WebGL target not found
Mono: successfully reloaded assembly
- Finished resetting the current domain, in  0.964 seconds
Domain Reload Profiling: 1352ms
	BeginReloadAssembly (135ms)
		ExecutionOrderSort (0ms)
		DisableScriptedObjects (9ms)
		BackupInstance (0ms)
		ReleaseScriptingObjects (0ms)
		CreateAndSetChildDomain (31ms)
	RebuildCommonClasses (27ms)
	RebuildNativeTypeToScriptingClass (10ms)
	initialDomainReloadingComplete (23ms)
	LoadAllAssembliesAndSetupDomain (193ms)
		LoadAssemblies (240ms)
		RebuildTransferFunctionScriptingTraits (0ms)
		AnalyzeDomain (16ms)
			TypeCache.Refresh (6ms)
				TypeCache.ScanAssembly (0ms)
			ScanForSourceGeneratedMonoScriptInfo (0ms)
			ResolveRequiredComponents (10ms)
	FinalizeReload (964ms)
		ReleaseScriptCaches (0ms)
		RebuildScriptCaches (0ms)
		SetupLoadedEditorAssemblies (407ms)
			LogAssemblyErrors (0ms)
			InitializePlatformSupportModulesInManaged (6ms)
			SetLoadedEditorAssemblies (4ms)
			RefreshPlugins (0ms)
			BeforeProcessingInitializeOnLoad (76ms)
			ProcessInitializeOnLoadAttributes (250ms)
			ProcessInitializeOnLoadMethodAttributes (66ms)
			AfterProcessingInitializeOnLoad (6ms)
			EditorAssembliesLoaded (0ms)
		ExecutionOrderSort2 (0ms)
		AwakeInstancesAfterBackupRestoration (14ms)
Refreshing native plugins compatible for Editor in 3.77 ms, found 4 plugins.
Preloading 0 native plugins for Editor in 0.00 ms.
Unloading 5889 Unused Serialized files (Serialized files now loaded: 0)
Unloading 48 unused Assets / (320.7 KB). Loaded Objects now: 6527.
Memory consumption went from 195.0 MB to 194.7 MB.
Total: 3.830800 ms (FindLiveObjects: 0.441300 ms CreateObjectMapping: 0.548700 ms MarkObjects: 2.742200 ms  DeleteObjects: 0.098000 ms)

Prepare: number of updated asset objects reloaded= 0
AssetImportParameters requested are different than current active one (requested -> active):
  custom:container-demuxer-ogg: 62fdf1f143b41e24485cea50d1cbac27 -> 
  custom:video-decoder-ogg-theora: a1e56fd34408186e4bbccfd4996cb3dc -> 
  custom:framework-win-MediaFoundation: 216162199b28c13a410421893ffa2e32 -> 
  custom:CustomObjectIndexerAttribute: a3ef5dd2817f97addfee359851a9dba5 -> 
  custom:container-demuxer-webm: 4f35f7cbe854078d1ac9338744f61a02 -> 
  custom:container-muxer-webm: aa71ff27fc2769a1b78a27578f13a17b -> 
  custom:video-decoder-webm-vp8: 9c59270c3fd7afecdb556c50c9e8de78 -> 
  custom:SearchIndexIgnoredProperties: e643bd26f0fe6173181afceb89e7c659 -> 
  custom:AudioImporter_EditorPlatform: d09bf68614088b80899f8185d706f6e7 -> 
  custom:video-encoder-webm-vp8: eb34c28f22e8b96e1ab97ce403110664 -> 
  custom:audio-decoder-ogg-vorbis: bf7c407c2cedff20999df2af8eb42d56 -> 
  custom:audio-encoder-webm-vorbis: bf7c407c2cedff20999df2af8eb42d56 -> 
========================================================================
Received Import Request.
  Time since last request: 100.038827 seconds.
  path: Assets/prefabs/Enemies/Enemy1/ExtraEnemy1 1.prefab
  artifactKey: Guid(aeb92586ae783f3498afba38aa4ce87c) Importer(815301076,1909f56bfc062723c751e8b465ee728b)
Start importing Assets/prefabs/Enemies/Enemy1/ExtraEnemy1 1.prefab using Guid(aeb92586ae783f3498afba38aa4ce87c) Importer(815301076,1909f56bfc062723c751e8b465ee728b)  -> (artifact id: '73dc9d1402b92e1f44d7280be028f1b1') in 0.019467 seconds
Number of updated asset objects reloaded before import = 0
Number of asset objects unloaded after import = 32
========================================================================
Received Import Request.
  Time since last request: 9.849881 seconds.
  path: Assets/prefabs/Enemies/Enemy1/ExtraEnemy1 1.prefab
  artifactKey: Guid(aeb92586ae783f3498afba38aa4ce87c) Importer(815301076,1909f56bfc062723c751e8b465ee728b)
Start importing Assets/prefabs/Enemies/Enemy1/ExtraEnemy1 1.prefab using Guid(aeb92586ae783f3498afba38aa4ce87c) Importer(815301076,1909f56bfc062723c751e8b465ee728b)  -> (artifact id: 'ff949780c3380768e358ba88d6f093d7') in 0.002606 seconds
Number of updated asset objects reloaded before import = 0
Number of asset objects unloaded after import = 31
========================================================================
Received Import Request.
  Time since last request: 12.998318 seconds.
  path: Assets/Artasset/Special#2/Alien_Special#2_0000.png
  artifactKey: Guid(6cae52eb93efa406a9f411aaaa7028cf) Importer(815301076,1909f56bfc062723c751e8b465ee728b)
Start importing Assets/Artasset/Special#2/Alien_Special#2_0000.png using Guid(6cae52eb93efa406a9f411aaaa7028cf) Importer(815301076,1909f56bfc062723c751e8b465ee728b)  -> (artifact id: '9df46649d762245681f5e05f0c765ad7') in 0.000973 seconds
Number of updated asset objects reloaded before import = 0
Number of asset objects unloaded after import = 2
========================================================================
Received Import Request.
  Time since last request: 3.451461 seconds.
  path: Assets/Artasset/Special#2/Alien_Special#2_0001.png
  artifactKey: Guid(23dd193e861194c228edf46a63fdccb1) Importer(815301076,1909f56bfc062723c751e8b465ee728b)
Start importing Assets/Artasset/Special#2/Alien_Special#2_0001.png using Guid(23dd193e861194c228edf46a63fdccb1) Importer(815301076,1909f56bfc062723c751e8b465ee728b)  -> (artifact id: 'cd9abccd7dbc27d7159d9e770c898ca1') in 0.001041 seconds
Number of updated asset objects reloaded before import = 0
Number of asset objects unloaded after import = 2
========================================================================
Received Import Request.
  Time since last request: 2.817719 seconds.
  path: Assets/Artasset/Special#2/Alien_Special#2_0002.png
  artifactKey: Guid(f8683f5cd48ab4704b4bb0a9f871bc51) Importer(815301076,1909f56bfc062723c751e8b465ee728b)
Start importing Assets/Artasset/Special#2/Alien_Special#2_0002.png using Guid(f8683f5cd48ab4704b4bb0a9f871bc51) Importer(815301076,1909f56bfc062723c751e8b465ee728b)  -> (artifact id: '15dc92e36255590c18c58e12c1316add') in 0.000981 seconds
Number of updated asset objects reloaded before import = 0
Number of asset objects unloaded after import = 2
========================================================================
Received Import Request.
  Time since last request: 2.330712 seconds.
  path: Assets/Artasset/Special#2/Alien_Special#2_0003.png
  artifactKey: Guid(f03490a304e24483aa20fd1eeabfba32) Importer(815301076,1909f56bfc062723c751e8b465ee728b)
Start importing Assets/Artasset/Special#2/Alien_Special#2_0003.png using Guid(f03490a304e24483aa20fd1eeabfba32) Importer(815301076,1909f56bfc062723c751e8b465ee728b)  -> (artifact id: 'e59fff7fe69b334b232478b4324effa4') in 0.000998 seconds
Number of updated asset objects reloaded before import = 0
Number of asset objects unloaded after import = 2
========================================================================
Received Import Request.
  Time since last request: 2.426537 seconds.
  path: Assets/prefabs/Enemies/Enemy2/Alien_Extra_2.png
  artifactKey: Guid(43136805cd8969d45bf845170074722b) Importer(815301076,1909f56bfc062723c751e8b465ee728b)
Start importing Assets/prefabs/Enemies/Enemy2/Alien_Extra_2.png using Guid(43136805cd8969d45bf845170074722b) Importer(815301076,1909f56bfc062723c751e8b465ee728b)  -> (artifact id: '340a449607a41c42aaac809c31f7fd92') in 0.006047 seconds
Number of updated asset objects reloaded before import = 0
Number of asset objects unloaded after import = 2
========================================================================
Received Import Request.
  Time since last request: 0.000010 seconds.
  path: Assets/prefabs/Enemies/Enemy2/Bullet1.png
  artifactKey: Guid(cdcc3b5ce20751a4ebe4f5a5a2dc6613) Importer(815301076,1909f56bfc062723c751e8b465ee728b)
Start importing Assets/prefabs/Enemies/Enemy2/Bullet1.png using Guid(cdcc3b5ce20751a4ebe4f5a5a2dc6613) Importer(815301076,1909f56bfc062723c751e8b465ee728b)  -> (artifact id: '9f112449c3bfd2182b865241a6006861') in 0.001084 seconds
Number of updated asset objects reloaded before import = 0
Number of asset objects unloaded after import = 2
========================================================================
Received Import Request.
  Time since last request: 0.000034 seconds.
  path: Assets/prefabs/Enemies/Enemy2/ExtraEnemy2.prefab
  artifactKey: Guid(c8e2efcbadfa2e64fafe6e88de3c30db) Importer(815301076,1909f56bfc062723c751e8b465ee728b)
Start importing Assets/prefabs/Enemies/Enemy2/ExtraEnemy2.prefab using Guid(c8e2efcbadfa2e64fafe6e88de3c30db) Importer(815301076,1909f56bfc062723c751e8b465ee728b)  -> (artifact id: '9cfbce1f013fedfecb081619ee519d2e') in 0.003674 seconds
Number of updated asset objects reloaded before import = 0
Number of asset objects unloaded after import = 29
========================================================================
Received Import Request.
  Time since last request: 0.000010 seconds.
  path: Assets/prefabs/Enemies/Enemy2/Bullet.png
  artifactKey: Guid(41b3724028aaf9d449ad18018d751c0b) Importer(815301076,1909f56bfc062723c751e8b465ee728b)
Start importing Assets/prefabs/Enemies/Enemy2/Bullet.png using Guid(41b3724028aaf9d449ad18018d751c0b) Importer(815301076,1909f56bfc062723c751e8b465ee728b)  -> (artifact id: '4aa3c20b4567e209e477c531d6c3023d') in 0.000926 seconds
Number of updated asset objects reloaded before import = 0
Number of asset objects unloaded after import = 2
========================================================================
Received Import Request.
  Time since last request: 35.860594 seconds.
  path: Assets/Artasset/Basic#1/Alien_Basic#1_0000.png
  artifactKey: Guid(224f574ee98d54fae915369820743786) Importer(815301076,1909f56bfc062723c751e8b465ee728b)
Start importing Assets/Artasset/Basic#1/Alien_Basic#1_0000.png using Guid(224f574ee98d54fae915369820743786) Importer(815301076,1909f56bfc062723c751e8b465ee728b)  -> (artifact id: 'a29aff8f0b2ddd722a92883b12fe99ad') in 0.001048 seconds
Number of updated asset objects reloaded before import = 0
Number of asset objects unloaded after import = 2
========================================================================
Received Import Request.
  Time since last request: 2.802130 seconds.
  path: Assets/Artasset/Basic#1/Alien_Basic#1_0001.png
  artifactKey: Guid(5cee62550071d45dbb7b2c229ea927d1) Importer(815301076,1909f56bfc062723c751e8b465ee728b)
Start importing Assets/Artasset/Basic#1/Alien_Basic#1_0001.png using Guid(5cee62550071d45dbb7b2c229ea927d1) Importer(815301076,1909f56bfc062723c751e8b465ee728b)  -> (artifact id: 'e5f23d3aba875e86953a2481419d742d') in 0.000953 seconds
Number of updated asset objects reloaded before import = 0
Number of asset objects unloaded after import = 2
========================================================================
Received Import Request.
  Time since last request: 3.463599 seconds.
  path: Assets/Artasset/Basic#1/Alien_Basic#1_0002.png
  artifactKey: Guid(4cc809ec4ddea4164995d1091459ef09) Importer(815301076,1909f56bfc062723c751e8b465ee728b)
Start importing Assets/Artasset/Basic#1/Alien_Basic#1_0002.png using Guid(4cc809ec4ddea4164995d1091459ef09) Importer(815301076,1909f56bfc062723c751e8b465ee728b)  -> (artifact id: '80dbfb31d3ca9f403ce0ccc4e71ad96d') in 0.001009 seconds
Number of updated asset objects reloaded before import = 0
Number of asset objects unloaded after import = 2
========================================================================
Received Import Request.
  Time since last request: 23.439429 seconds.
  path: Assets/Artasset/Basic#1/Alien_Basic#1_0000.png
  artifactKey: Guid(224f574ee98d54fae915369820743786) Importer(815301076,1909f56bfc062723c751e8b465ee728b)
Start importing Assets/Artasset/Basic#1/Alien_Basic#1_0000.png using Guid(224f574ee98d54fae915369820743786) Importer(815301076,1909f56bfc062723c751e8b465ee728b)  -> (artifact id: '98d0697e681155fd276c11249f259b6e') in 0.000951 seconds
Number of updated asset objects reloaded before import = 0
Number of asset objects unloaded after import = 2
========================================================================
Received Import Request.
  Time since last request: 8.035751 seconds.
  path: Assets/Artasset/Basic#1/Alien_Basic#1_0001.png
  artifactKey: Guid(5cee62550071d45dbb7b2c229ea927d1) Importer(815301076,1909f56bfc062723c751e8b465ee728b)
Start importing Assets/Artasset/Basic#1/Alien_Basic#1_0001.png using Guid(5cee62550071d45dbb7b2c229ea927d1) Importer(815301076,1909f56bfc062723c751e8b465ee728b)  -> (artifact id: '888c61e77ddf70728011d409ad14d494') in 0.000968 seconds
Number of updated asset objects reloaded before import = 0
Number of asset objects unloaded after import = 2
========================================================================
Received Import Request.
  Time since last request: 3.907815 seconds.
  path: Assets/Artasset/Basic#1/Alien_Basic#1_0002.png
  artifactKey: Guid(4cc809ec4ddea4164995d1091459ef09) Importer(815301076,1909f56bfc062723c751e8b465ee728b)
Start importing Assets/Artasset/Basic#1/Alien_Basic#1_0002.png using Guid(4cc809ec4ddea4164995d1091459ef09) Importer(815301076,1909f56bfc062723c751e8b465ee728b)  -> (artifact id: 'd3a8a647154b683dce4bcebc44c9051a') in 0.000948 seconds
Number of updated asset objects reloaded before import = 0
Number of asset objects unloaded after import = 2
========================================================================
Received Import Request.
  Time since last request: 3.561431 seconds.
  path: Assets/Artasset/Basic#1/Alien_Basic#1_0003.png
  artifactKey: Guid(849235d470ac942c6a5ad6ecbaed93bf) Importer(815301076,1909f56bfc062723c751e8b465ee728b)
Start importing Assets/Artasset/Basic#1/Alien_Basic#1_0003.png using Guid(849235d470ac942c6a5ad6ecbaed93bf) Importer(815301076,1909f56bfc062723c751e8b465ee728b)  -> (artifact id: '48303244b7b72c4f68cf6de63ea35e5c') in 0.000954 seconds
Number of updated asset objects reloaded before import = 0
Number of asset objects unloaded after import = 2
========================================================================
Received Import Request.
  Time since last request: 14.600707 seconds.
  path: Assets/Artasset/Basic#2/Alien_Basic#2_0000.png
  artifactKey: Guid(0a31ab10ba7454ecbbd0a228b8d743e2) Importer(815301076,1909f56bfc062723c751e8b465ee728b)
Start importing Assets/Artasset/Basic#2/Alien_Basic#2_0000.png using Guid(0a31ab10ba7454ecbbd0a228b8d743e2) Importer(815301076,1909f56bfc062723c751e8b465ee728b)  -> (artifact id: '6f7538cf7f0f5888f4169157e577ab79') in 0.000981 seconds
Number of updated asset objects reloaded before import = 0
Number of asset objects unloaded after import = 2
========================================================================
Received Import Request.
  Time since last request: 2.665900 seconds.
  path: Assets/Artasset/Basic#2/Alien_Basic#2_0001.png
  artifactKey: Guid(262df0f7d0e364b2091270c474c1dbce) Importer(815301076,1909f56bfc062723c751e8b465ee728b)
Start importing Assets/Artasset/Basic#2/Alien_Basic#2_0001.png using Guid(262df0f7d0e364b2091270c474c1dbce) Importer(815301076,1909f56bfc062723c751e8b465ee728b)  -> (artifact id: 'fd70817802ab08cbbb8fab36704a6414') in 0.000955 seconds
Number of updated asset objects reloaded before import = 0
Number of asset objects unloaded after import = 2
========================================================================
Received Import Request.
  Time since last request: 2.774980 seconds.
  path: Assets/Artasset/Basic#2/Alien_Basic#2_0002.png
  artifactKey: Guid(21b1ad85c03fb44e2b960749df41cc92) Importer(815301076,1909f56bfc062723c751e8b465ee728b)
Start importing Assets/Artasset/Basic#2/Alien_Basic#2_0002.png using Guid(21b1ad85c03fb44e2b960749df41cc92) Importer(815301076,1909f56bfc062723c751e8b465ee728b)  -> (artifact id: '23b6a961adcb1209342714a4aedd5182') in 0.001407 seconds
Number of updated asset objects reloaded before import = 0
Number of asset objects unloaded after import = 2
========================================================================
Received Import Request.
  Time since last request: 2.684745 seconds.
  path: Assets/Artasset/Basic#2/Alien_Basic#2_0003.png
  artifactKey: Guid(9d3a2c75b8c2d488799928354c26d777) Importer(815301076,1909f56bfc062723c751e8b465ee728b)
Start importing Assets/Artasset/Basic#2/Alien_Basic#2_0003.png using Guid(9d3a2c75b8c2d488799928354c26d777) Importer(815301076,1909f56bfc062723c751e8b465ee728b)  -> (artifact id: 'a3ef85cadeda0cbc27c753086936c229') in 0.000969 seconds
Number of updated asset objects reloaded before import = 0
Number of asset objects unloaded after import = 2
========================================================================
Received Import Request.
  Time since last request: 7.128200 seconds.
  path: Assets/prefabs/LanderInvader.prefab
  artifactKey: Guid(5b1527cbdb39e784b8218bd50955ab92) Importer(815301076,1909f56bfc062723c751e8b465ee728b)
Start importing Assets/prefabs/LanderInvader.prefab using Guid(5b1527cbdb39e784b8218bd50955ab92) Importer(815301076,1909f56bfc062723c751e8b465ee728b)  -> (artifact id: 'f8c37c04dbe44fa3371f77e696123f15') in 0.001563 seconds
Number of updated asset objects reloaded before import = 0
Number of asset objects unloaded after import = 9
========================================================================
Received Import Request.
  Time since last request: 44.462640 seconds.
  path: Assets/prefabs/Enemies/Enemy2/ExtraEnemy2.prefab
  artifactKey: Guid(c8e2efcbadfa2e64fafe6e88de3c30db) Importer(815301076,1909f56bfc062723c751e8b465ee728b)
Start importing Assets/prefabs/Enemies/Enemy2/ExtraEnemy2.prefab using Guid(c8e2efcbadfa2e64fafe6e88de3c30db) Importer(815301076,1909f56bfc062723c751e8b465ee728b)  -> (artifact id: '035799ef8eaa414e1e9977b291ee5bdd') in 0.002382 seconds
Number of updated asset objects reloaded before import = 0
Number of asset objects unloaded after import = 30
========================================================================
Received Import Request.
  Time since last request: 1.105324 seconds.
  path: Assets/prefabs/SpecialLanderInvader.prefab
  artifactKey: Guid(5f76cf6cbadd3c0499a818cec1405fc1) Importer(815301076,1909f56bfc062723c751e8b465ee728b)
Start importing Assets/prefabs/SpecialLanderInvader.prefab using Guid(5f76cf6cbadd3c0499a818cec1405fc1) Importer(815301076,1909f56bfc062723c751e8b465ee728b)  -> (artifact id: '2f1ae9db78e67036b9d782a3f55d013b') in 0.001885 seconds
Number of updated asset objects reloaded before import = 0
Number of asset objects unloaded after import = 15
========================================================================
Received Prepare
Begin MonoManager ReloadAssembly
Symbol file LoadedFromMemory doesn't match image C:\Users\u1473700\Documents\GitHub\RapidPrototype1\MergedPoject\My project\Library\PackageCache\com.unity.visualscripting@1.8.0\Editor\VisualScripting.Core\Dependencies\YamlDotNet\Unity.VisualScripting.YamlDotNet.dll
Symbol file LoadedFromMemory doesn't match image C:\Users\u1473700\Documents\GitHub\RapidPrototype1\MergedPoject\My project\Library\PackageCache\com.unity.visualscripting@1.8.0\Editor\VisualScripting.Core\Dependencies\DotNetZip\Unity.VisualScripting.IonicZip.dll
- Loaded All Assemblies, in  0.394 seconds
Refreshing native plugins compatible for Editor in 4.04 ms, found 4 plugins.
Native extension for WindowsStandalone target not found
Native extension for WebGL target not found
Mono: successfully reloaded assembly
- Finished resetting the current domain, in  0.954 seconds
Domain Reload Profiling: 1346ms
	BeginReloadAssembly (136ms)
		ExecutionOrderSort (0ms)
		DisableScriptedObjects (9ms)
		BackupInstance (0ms)
		ReleaseScriptingObjects (0ms)
		CreateAndSetChildDomain (34ms)
	RebuildCommonClasses (27ms)
	RebuildNativeTypeToScriptingClass (10ms)
	initialDomainReloadingComplete (23ms)
	LoadAllAssembliesAndSetupDomain (196ms)
		LoadAssemblies (243ms)
		RebuildTransferFunctionScriptingTraits (0ms)
		AnalyzeDomain (16ms)
			TypeCache.Refresh (6ms)
				TypeCache.ScanAssembly (0ms)
			ScanForSourceGeneratedMonoScriptInfo (0ms)
			ResolveRequiredComponents (10ms)
	FinalizeReload (955ms)
		ReleaseScriptCaches (0ms)
		RebuildScriptCaches (0ms)
		SetupLoadedEditorAssemblies (394ms)
			LogAssemblyErrors (0ms)
			InitializePlatformSupportModulesInManaged (6ms)
			SetLoadedEditorAssemblies (4ms)
			RefreshPlugins (0ms)
			BeforeProcessingInitializeOnLoad (73ms)
			ProcessInitializeOnLoadAttributes (247ms)
			ProcessInitializeOnLoadMethodAttributes (59ms)
			AfterProcessingInitializeOnLoad (5ms)
			EditorAssembliesLoaded (0ms)
		ExecutionOrderSort2 (0ms)
		AwakeInstancesAfterBackupRestoration (13ms)
Refreshing native plugins compatible for Editor in 4.26 ms, found 4 plugins.
Preloading 0 native plugins for Editor in 0.00 ms.
Unloading 5889 Unused Serialized files (Serialized files now loaded: 0)
Unloading 52 unused Assets / (322.5 KB). Loaded Objects now: 6533.
Memory consumption went from 195.1 MB to 194.8 MB.
Total: 4.195200 ms (FindLiveObjects: 0.615500 ms CreateObjectMapping: 0.588300 ms MarkObjects: 2.841200 ms  DeleteObjects: 0.149400 ms)

Prepare: number of updated asset objects reloaded= 0
AssetImportParameters requested are different than current active one (requested -> active):
  custom:container-demuxer-ogg: 62fdf1f143b41e24485cea50d1cbac27 -> 
  custom:video-decoder-ogg-theora: a1e56fd34408186e4bbccfd4996cb3dc -> 
  custom:framework-win-MediaFoundation: 216162199b28c13a410421893ffa2e32 -> 
  custom:CustomObjectIndexerAttribute: a3ef5dd2817f97addfee359851a9dba5 -> 
  custom:container-demuxer-webm: 4f35f7cbe854078d1ac9338744f61a02 -> 
  custom:container-muxer-webm: aa71ff27fc2769a1b78a27578f13a17b -> 
  custom:video-decoder-webm-vp8: 9c59270c3fd7afecdb556c50c9e8de78 -> 
  custom:SearchIndexIgnoredProperties: e643bd26f0fe6173181afceb89e7c659 -> 
  custom:AudioImporter_EditorPlatform: d09bf68614088b80899f8185d706f6e7 -> 
  custom:video-encoder-webm-vp8: eb34c28f22e8b96e1ab97ce403110664 -> 
  custom:audio-decoder-ogg-vorbis: bf7c407c2cedff20999df2af8eb42d56 -> 
  custom:audio-encoder-webm-vorbis: bf7c407c2cedff20999df2af8eb42d56 -> 
========================================================================
Received Import Request.
  Time since last request: 54.565768 seconds.
  path: Assets/prefabs/LanderInvader.prefab
  artifactKey: Guid(5b1527cbdb39e784b8218bd50955ab92) Importer(815301076,1909f56bfc062723c751e8b465ee728b)
Start importing Assets/prefabs/LanderInvader.prefab using Guid(5b1527cbdb39e784b8218bd50955ab92) Importer(815301076,1909f56bfc062723c751e8b465ee728b)  -> (artifact id: 'd160ef0d32b688c01563a1a16d10ac0c') in 0.013945 seconds
Number of updated asset objects reloaded before import = 0
Number of asset objects unloaded after import = 10
========================================================================
Received Import Request.
  Time since last request: 10.570031 seconds.
  path: Assets/prefabs/LanderInvader.prefab
  artifactKey: Guid(5b1527cbdb39e784b8218bd50955ab92) Importer(815301076,1909f56bfc062723c751e8b465ee728b)
Start importing Assets/prefabs/LanderInvader.prefab using Guid(5b1527cbdb39e784b8218bd50955ab92) Importer(815301076,1909f56bfc062723c751e8b465ee728b)  -> (artifact id: 'cff30892a1ac135fc51dcbf7e01be39b') in 0.001231 seconds
Number of updated asset objects reloaded before import = 0
Number of asset objects unloaded after import = 10
========================================================================
Received Prepare
Begin MonoManager ReloadAssembly
Symbol file LoadedFromMemory doesn't match image C:\Users\u1473700\Documents\GitHub\RapidPrototype1\MergedPoject\My project\Library\PackageCache\com.unity.visualscripting@1.8.0\Editor\VisualScripting.Core\Dependencies\YamlDotNet\Unity.VisualScripting.YamlDotNet.dll
Symbol file LoadedFromMemory doesn't match image C:\Users\u1473700\Documents\GitHub\RapidPrototype1\MergedPoject\My project\Library\PackageCache\com.unity.visualscripting@1.8.0\Editor\VisualScripting.Core\Dependencies\DotNetZip\Unity.VisualScripting.IonicZip.dll
- Loaded All Assemblies, in  0.392 seconds
Refreshing native plugins compatible for Editor in 3.54 ms, found 4 plugins.
Native extension for WindowsStandalone target not found
Native extension for WebGL target not found
Mono: successfully reloaded assembly
- Finished resetting the current domain, in  0.961 seconds
Domain Reload Profiling: 1350ms
	BeginReloadAssembly (133ms)
		ExecutionOrderSort (0ms)
		DisableScriptedObjects (9ms)
		BackupInstance (0ms)
		ReleaseScriptingObjects (0ms)
		CreateAndSetChildDomain (31ms)
	RebuildCommonClasses (32ms)
	RebuildNativeTypeToScriptingClass (10ms)
	initialDomainReloadingComplete (23ms)
	LoadAllAssembliesAndSetupDomain (192ms)
		LoadAssemblies (238ms)
		RebuildTransferFunctionScriptingTraits (0ms)
		AnalyzeDomain (16ms)
			TypeCache.Refresh (6ms)
				TypeCache.ScanAssembly (0ms)
			ScanForSourceGeneratedMonoScriptInfo (0ms)
			ResolveRequiredComponents (10ms)
	FinalizeReload (961ms)
		ReleaseScriptCaches (0ms)
		RebuildScriptCaches (0ms)
		SetupLoadedEditorAssemblies (400ms)
			LogAssemblyErrors (0ms)
			InitializePlatformSupportModulesInManaged (5ms)
			SetLoadedEditorAssemblies (5ms)
			RefreshPlugins (0ms)
			BeforeProcessingInitializeOnLoad (75ms)
			ProcessInitializeOnLoadAttributes (252ms)
			ProcessInitializeOnLoadMethodAttributes (58ms)
			AfterProcessingInitializeOnLoad (5ms)
			EditorAssembliesLoaded (0ms)
		ExecutionOrderSort2 (0ms)
		AwakeInstancesAfterBackupRestoration (11ms)
Refreshing native plugins compatible for Editor in 3.95 ms, found 4 plugins.
Preloading 0 native plugins for Editor in 0.00 ms.
Unloading 5889 Unused Serialized files (Serialized files now loaded: 0)
Unloading 48 unused Assets / (320.7 KB). Loaded Objects now: 6538.
Memory consumption went from 195.0 MB to 194.7 MB.
Total: 3.648100 ms (FindLiveObjects: 0.487800 ms CreateObjectMapping: 0.517200 ms MarkObjects: 2.536300 ms  DeleteObjects: 0.106200 ms)

Prepare: number of updated asset objects reloaded= 0
AssetImportParameters requested are different than current active one (requested -> active):
  custom:container-demuxer-ogg: 62fdf1f143b41e24485cea50d1cbac27 -> 
  custom:video-decoder-ogg-theora: a1e56fd34408186e4bbccfd4996cb3dc -> 
  custom:framework-win-MediaFoundation: 216162199b28c13a410421893ffa2e32 -> 
  custom:CustomObjectIndexerAttribute: a3ef5dd2817f97addfee359851a9dba5 -> 
  custom:container-demuxer-webm: 4f35f7cbe854078d1ac9338744f61a02 -> 
  custom:container-muxer-webm: aa71ff27fc2769a1b78a27578f13a17b -> 
  custom:video-decoder-webm-vp8: 9c59270c3fd7afecdb556c50c9e8de78 -> 
  custom:SearchIndexIgnoredProperties: e643bd26f0fe6173181afceb89e7c659 -> 
  custom:AudioImporter_EditorPlatform: d09bf68614088b80899f8185d706f6e7 -> 
  custom:video-encoder-webm-vp8: eb34c28f22e8b96e1ab97ce403110664 -> 
  custom:audio-decoder-ogg-vorbis: bf7c407c2cedff20999df2af8eb42d56 -> 
  custom:audio-encoder-webm-vorbis: bf7c407c2cedff20999df2af8eb42d56 -> 
========================================================================
Received Import Request.
  Time since last request: 113.199222 seconds.
  path: Assets/Artasset/Player_Pixel/Player_Pixel_0000.png
  artifactKey: Guid(6ad4343ac90814488976de6c84aea134) Importer(815301076,1909f56bfc062723c751e8b465ee728b)
Start importing Assets/Artasset/Player_Pixel/Player_Pixel_0000.png using Guid(6ad4343ac90814488976de6c84aea134) Importer(815301076,1909f56bfc062723c751e8b465ee728b)  -> (artifact id: '103d6ff486965ab80adcf50d032e23c2') in 0.016834 seconds
Number of updated asset objects reloaded before import = 0
Number of asset objects unloaded after import = 2
========================================================================
Received Import Request.
  Time since last request: 3.661548 seconds.
  path: Assets/Artasset/Player_Pixel/Player_Pixel_0001.png
  artifactKey: Guid(61b48d1181f0d4b04a2228f24cc0378f) Importer(815301076,1909f56bfc062723c751e8b465ee728b)
Start importing Assets/Artasset/Player_Pixel/Player_Pixel_0001.png using Guid(61b48d1181f0d4b04a2228f24cc0378f) Importer(815301076,1909f56bfc062723c751e8b465ee728b)  -> (artifact id: '08bb0d663c77ce887e2af1cf3504880a') in 0.001113 seconds
Number of updated asset objects reloaded before import = 0
Number of asset objects unloaded after import = 2
========================================================================
Received Import Request.
  Time since last request: 3.067484 seconds.
  path: Assets/Artasset/Player_Pixel/Player_Pixel_0002.png
  artifactKey: Guid(6b4322e90d0be4d9b93ef10c824dd1d9) Importer(815301076,1909f56bfc062723c751e8b465ee728b)
Start importing Assets/Artasset/Player_Pixel/Player_Pixel_0002.png using Guid(6b4322e90d0be4d9b93ef10c824dd1d9) Importer(815301076,1909f56bfc062723c751e8b465ee728b)  -> (artifact id: '3320d10aa08f6b762932d64add44c67f') in 0.001051 seconds
Number of updated asset objects reloaded before import = 0
Number of asset objects unloaded after import = 2
========================================================================
Received Import Request.
  Time since last request: 30.268159 seconds.
  path: Assets/Artasset/Player_Pixel/Player_Pixel_0000.png
  artifactKey: Guid(6ad4343ac90814488976de6c84aea134) Importer(815301076,1909f56bfc062723c751e8b465ee728b)
Start importing Assets/Artasset/Player_Pixel/Player_Pixel_0000.png using Guid(6ad4343ac90814488976de6c84aea134) Importer(815301076,1909f56bfc062723c751e8b465ee728b)  -> (artifact id: '4b9424ed140a38b1ca5a2cc5ed787e64') in 0.000997 seconds
Number of updated asset objects reloaded before import = 0
Number of asset objects unloaded after import = 2
